[1.0, 0.5, 0.0]
[0.0, 1.0, 10.0]
[0.21, 0.0, 1.0]
0
[1.0, 0.5, 0.0]
[0.0, 1.0, 10.0]
[0.21, 0.0, 1.0]
0
[1.0, 0.5, 0.0]
[0.0, 1.0, 10.0]
[0.21, 0.0, 1.0]
0
[1.0, 0.5, 0.0]
[0.0, 1.0, 10.0]
[0.21, 0.0, 1.0]
0
[1.0, 0.5, 0.0]
[0.0, 1.0, 10.0]
[0.21, 0.0, 1.0]
0
[1.0, 0.5, 0.0]
[0.0, 1.0, 10.0]
[0.21, 0.0, 1.0]
0
[1.0, 0.5, 0.0]
[0.0, 1.0, 10.0]
[0.21, 0.0, 1.0]
0
[1.0, 0.5, 0.0]
[0.0, 1.0, 10.0]
[0.21, 0.0, 1.0]
0
[1.0, 0.5, 0.0]
[0.0, 1.0, 10.0]
[0.21, 0.105, 1.0]
0
[1.0, 0.5, 0.0]
[0.0, 1.0, 10.0]
[0.21, 0.105, 1.0]
1
[1.0, 0.5, 0.0]
[0.0, 1.0, 10.0]
[0.21, 0.105, 1.0]
1
[1.0, 0.5, 0.0]
[0.0, 1.0, 10.0]
[0.21, 0.105, 1.0]
1
[1.0, 0.5, 5.0]
[0.0, 1.0, 10.0]
[0.21, 0.105, 1.0]
1
[1.0, 0.5, 5.0]
[0.0, 1.0, 10.0]
[0.21, 0.105, 1.0]
1
[1.0, 0.5, 5.0]
[0.0, 1.0, 10.0]
[0.21, 0.105, 1.0]
1
[1.0, 0.5, 5.0]
[0.0, 1.0, 10.0]
[0.21, 0.105, 1.0]
1
[1.0, 0.5, 5.0]
[0.0, 1.0, 10.0]
[0.21, 0.105, 1.0]
1
[1.0, 0.5, 5.0]
[0.0, 1.0, 10.0]
[0.21, 0.105, 1.0]
1
[1.0, 0.5, 5.0]
[0.0, 1.0, 10.0]
[0.21, 0.105, 1.05]
2
[1.05, 0.5, 5.0]
[0.0, 1.0, 10.0]
[0.21, 0.105, 1.05]
2
[1.05, 0.525, 5.0]
[0.0, 1.0, 10.0]
[0.21, 0.105, 1.05]
2
[1.05, 0.525, 5.25]
[0.0, 1.0, 10.0]
[0.21, 0.105, 1.05]
2
[1.05, 0.525, 5.25]
[2.1, 1.0, 10.0]
[0.21, 0.105, 1.05]
2
[1.05, 0.525, 5.25]
[2.1, 1.05, 10.0]
[0.21, 0.105, 1.05]
2
[1.05, 0.525, 5.25]
[2.1, 1.05, 10.5]
[0.21, 0.105, 1.05]
2
[1.05, 0.525, 5.25]
[2.1, 1.05, 10.5]
[0.2205, 0.105, 1.05]
2
[1.05, 0.525, 5.25]
[2.1, 1.05, 10.5]
[0.2205, 0.11025, 1.05]
2
[1.05, 0.525, 5.25]
[2.1, 1.05, 10.5]
[0.2205, 0.11025, 1.1025]
Case 1: Yes
[1.0, 0.5, 4.9]
[1.99, 1.0, 10.0]
[0.19, 0.09, 1.0]
0
[1.0, 0.5, 4.9]
[1.99, 1.0, 10.0]
[0.19, 0.09, 1.0]
0
[1.0, 0.5, 4.9]
[1.99, 1.0, 10.0]
[0.19, 0.09, 1.0]
0
[1.0, 0.5, 4.9]
[1.99, 1.0, 10.0]
[0.19, 0.09, 1.0]
0
[1.0, 0.5, 4.9]
[1.99, 1.0, 10.0]
[0.19, 0.09, 1.0]
0
[1.0, 0.5, 4.9]
[1.99, 1.0, 10.0]
[0.19, 0.09, 1.0]
0
[1.0, 0.5, 4.9]
[1.99, 1.0, 10.0]
[0.19, 0.09, 1.0]
0
[1.0, 0.5, 4.9]
[1.99, 1.0, 10.0]
[0.19, 0.09, 1.0]
0
[1.0, 0.5, 4.9]
[1.99, 1.0, 10.0]
[0.19, 0.095, 1.0]
0
[1.0, 0.5, 4.9]
[1.99, 1.0, 10.0]
[0.19, 0.095, 1.0]
1
[1.0, 0.5, 4.9]
[1.99, 1.0, 10.0]
[0.19, 0.095, 1.0]
1
[1.0, 0.5, 4.9]
[1.99, 1.0, 10.0]
[0.19, 0.095, 1.0]
1
[1.0, 0.5, 5.0]
[1.99, 1.0, 10.0]
[0.19, 0.095, 1.0]
1
[1.0, 0.5, 5.0]
[1.99, 1.0, 10.0]
[0.19, 0.095, 1.0]
1
[1.0, 0.5, 5.0]
[1.99, 1.0, 10.0]
[0.19, 0.095, 1.0]
1
[1.0, 0.5, 5.0]
[1.99, 1.0, 10.0]
[0.19, 0.095, 1.0]
1
[1.0, 0.5, 5.0]
[1.99, 1.0, 10.0]
[0.19, 0.095, 1.0]
1
[1.0, 0.5, 5.0]
[1.99, 1.0, 10.0]
[0.19, 0.095, 1.0]
1
[1.0, 0.5, 5.0]
[1.99, 1.0, 10.0]
[0.19, 0.095, 1.0]
2
[1.0, 0.5, 5.0]
[1.99, 1.0, 10.0]
[0.19, 0.095, 1.0]
2
[1.0, 0.5, 5.0]
[1.99, 1.0, 10.0]
[0.19, 0.095, 1.0]
2
[1.0, 0.5, 5.0]
[1.99, 1.0, 10.0]
[0.19, 0.095, 1.0]
2
[1.0, 0.5, 5.0]
[1.99, 1.0, 10.0]
[0.19, 0.095, 1.0]
2
[1.0, 0.5, 5.0]
[1.99, 1.0, 10.0]
[0.19, 0.095, 1.0]
2
[1.0, 0.5, 5.0]
[1.99, 1.0, 10.0]
[0.19, 0.095, 1.0]
2
[1.0, 0.5, 5.0]
[1.99, 1.0, 10.0]
[0.19, 0.095, 1.0]
2
[1.0, 0.5, 5.0]
[1.99, 1.0, 10.0]
[0.19, 0.095, 1.0]
2
[1.0, 0.5, 5.0]
[1.99, 1.0, 10.0]
[0.19, 0.095, 1.0]
Case 2: No
