this is it 2 83 86 73 76 0
this is it 4 15 93 73 76 this is it 2 86 92 73 76 0
this is it 4 21 62 73 76 0
this is it 4 90 59 73 76 0
this is it 3 26 40 73 76 0
this is it 4 72 36 73 76 this is it 2 68 67 73 76 0
this is it 3 82 30 73 76 0
this is it 4 23 67 73 76 0
this is it 3 29 2 73 76 0
this is it 4 58 69 73 76 0
this is it 4 93 56 73 76 this is it 2 42 29 73 76 this is it 1 21 19 73 76 this is it 1 37 98 73 76 this is it 2 15 70 73 76 this is it 1 26 91 73 76 0
this is it 3 56 73 73 76 this is it 2 70 96 73 76 this is it 1 5 25 73 76 this is it 2 27 36 73 76 this is it 2 46 29 73 76 0
this is it 4 57 24 73 76 0
this is it 3 82 45 73 76 this is it 1 67 34 73 76 0
this is it 4 43 50 73 76 0
this is it 3 8 76 73 76 0
this is it 4 88 84 73 76 0
this is it 4 51 54 73 76 this is it 1 32 60 73 76 this is it 1 68 39 73 76 0
this is it 3 26 86 73 76 0
this is it 3 39 95 73 76 0
this is it 4 34 78 73 76 0
this is it 3 1 97 73 76 this is it 1 17 92 73 76 this is it 1 56 1 73 76 this is it 2 86 41 73 76 0
this is it 4 89 44 73 76 0
this is it 4 40 29 73 76 0
this is it 4 17 97 73 76 this is it 2 81 75 73 76 this is it 1 27 67 73 76 0
this is it 3 97 53 73 76 0
this is it 4 65 6 73 76 this is it 1 19 24 73 76 this is it 2 71 32 73 76 0
this is it 3 3 19 73 76 0
this is it 4 68 8 73 76 this is it 1 40 49 73 76 this is it 2 23 18 73 76 this is it 2 46 51 73 76 this is it 1 55 79 73 76 this is it 2 64 28 73 76 this is it 1 50 93 73 76 this is it 1 34 64 73 76 this is it 1 14 87 73 76 0
this is it 4 43 91 73 76 this is it 1 65 59 73 76 this is it 2 32 51 73 76 0
this is it 4 28 75 73 76 0
this is it 3 74 21 73 76 this is it 2 95 29 73 76 0
this is it 3 35 93 73 76 0
this is it 4 28 43 73 76 this is it 1 28 29 73 76 0
this is it 4 4 43 73 76 0
this is it 3 13 38 73 76 0
this is it 3 40 4 73 76 this is it 2 28 88 73 76 0
this is it 4 96 24 73 76 0
this is it 3 70 83 73 76 this is it 2 99 72 73 76 this is it 2 44 90 73 76 0
this is it 3 39 54 73 76 0
this is it 3 69 82 73 76 0
this is it 4 64 97 73 76 this is it 1 55 4 73 76 this is it 1 11 22 73 76 0
this is it 3 99 43 73 76 0
this is it 3 68 40 73 76 this is it 2 11 10 73 76 0
this is it 3 1 61 73 76 this is it 1 78 5 73 76 0
this is it 3 36 44 73 76 this is it 1 22 65 73 76 0
this is it 3 16 82 73 76 0
this is it 3 24 37 73 76 this is it 1 24 0 73 76 0
this is it 4 52 99 73 76 0
this is it 4 50 68 73 76 this is it 2 73 31 73 76 0
this is it 3 30 33 73 76 0
this is it 4 60 63 73 76 this is it 1 81 99 73 76 this is it 2 59 73 73 76 0
this is it 4 68 90 73 76 this is it 1 26 66 73 76 this is it 1 40 90 73 76 this is it 1 76 42 73 42 this is it 1 7 45 73 42 0
this is it 4 79 18 73 42 this is it 1 12 48 73 42 this is it 1 59 9 73 42 0
this is it 4 10 42 73 42 this is it 2 6 1 73 42 0
this is it 4 72 21 73 42 this is it 2 19 99 73 42 0
this is it 4 4 39 73 42 this is it 2 40 67 73 42 0
this is it 3 28 27 73 42 this is it 1 84 58 73 42 this is it 2 24 22 73 42 0
this is it 3 96 81 73 42 this is it 1 84 92 73 42 this is it 2 72 50 73 42 0
this is it 4 85 22 73 42 0
this is it 3 40 42 73 42 0
this is it 3 13 98 73 42 this is it 2 24 90 73 42 -1
this is it 1 81 19 73 42 0
this is it 3 32 55 73 42 -1
this is it 2 4 79 73 42 0
this is it 3 73 76 73 42 